2026-03-19 16:46:13,542 - feature_store - ERROR - Missing environment variable: SNOWFLAKE_PRIVATE_KEY_PATH
2026-03-19 16:46:13,542 - app - WARNING - DB initialization warning: Missing environment variable: SNOWFLAKE_PRIVATE_KEY_PATH
2026-03-19 16:46:13,577 - feature_store - ERROR - Missing environment variable: SNOWFLAKE_PRIVATE_KEY_PATH
2026-03-19 16:46:13,578 - evaluator - ERROR - Missing environment variable: SNOWFLAKE_PRIVATE_KEY_PATH
2026-03-19 16:46:13,578 - feature_store - ERROR - Missing environment variable: SNOWFLAKE_PRIVATE_KEY_PATH
2026-03-19 16:46:13,580 - evaluator - ERROR - Missing environment variable: SNOWFLAKE_PRIVATE_KEY_PATH
2026-03-19 16:46:13,582 - scheduler - ERROR - Missing environment variable: SNOWFLAKE_PRIVATE_KEY_PATH
2026-03-19 16:47:48,590 - feature_store - ERROR - Missing environment variable: SNOWFLAKE_PRIVATE_KEY_PATH
2026-03-19 16:47:48,591 - app - WARNING - DB initialization warning: Missing environment variable: SNOWFLAKE_PRIVATE_KEY_PATH
2026-03-19 16:47:48,631 - feature_store - ERROR - Missing environment variable: SNOWFLAKE_PRIVATE_KEY_PATH
2026-03-19 16:47:48,633 - evaluator - ERROR - Missing environment variable: SNOWFLAKE_PRIVATE_KEY_PATH
2026-03-19 16:47:48,634 - feature_store - ERROR - Missing environment variable: SNOWFLAKE_PRIVATE_KEY_PATH
2026-03-19 16:47:48,635 - evaluator - ERROR - Missing environment variable: SNOWFLAKE_PRIVATE_KEY_PATH
2026-03-19 16:47:48,640 - scheduler - ERROR - Missing environment variable: SNOWFLAKE_PRIVATE_KEY_PATH
2026-03-19 16:48:20,557 - feature_store - ERROR - Missing environment variable: SNOWFLAKE_PRIVATE_KEY_PATH
2026-03-19 16:48:20,560 - evaluator - ERROR - Missing environment variable: SNOWFLAKE_PRIVATE_KEY_PATH
2026-03-19 16:48:20,561 - feature_store - ERROR - Missing environment variable: SNOWFLAKE_PRIVATE_KEY_PATH
2026-03-19 16:48:20,563 - evaluator - ERROR - Missing environment variable: SNOWFLAKE_PRIVATE_KEY_PATH
2026-03-19 16:48:20,574 - scheduler - ERROR - Missing environment variable: SNOWFLAKE_PRIVATE_KEY_PATH
2026-03-19 16:48:47,652 - feature_store - ERROR - Missing environment variable: SNOWFLAKE_PRIVATE_KEY_PATH
2026-03-19 16:48:47,654 - evaluator - ERROR - Missing environment variable: SNOWFLAKE_PRIVATE_KEY_PATH
2026-03-19 16:48:47,655 - feature_store - ERROR - Missing environment variable: SNOWFLAKE_PRIVATE_KEY_PATH
2026-03-19 16:48:47,656 - evaluator - ERROR - Missing environment variable: SNOWFLAKE_PRIVATE_KEY_PATH
2026-03-19 16:48:47,659 - scheduler - ERROR - Missing environment variable: SNOWFLAKE_PRIVATE_KEY_PATH
2026-03-19 16:48:57,387 - feature_store - ERROR - Missing environment variable: SNOWFLAKE_PRIVATE_KEY_PATH
2026-03-19 16:48:57,389 - evaluator - ERROR - Missing environment variable: SNOWFLAKE_PRIVATE_KEY_PATH
2026-03-19 16:48:57,390 - feature_store - ERROR - Missing environment variable: SNOWFLAKE_PRIVATE_KEY_PATH
2026-03-19 16:48:57,391 - evaluator - ERROR - Missing environment variable: SNOWFLAKE_PRIVATE_KEY_PATH
2026-03-19 16:48:57,394 - scheduler - ERROR - Missing environment variable: SNOWFLAKE_PRIVATE_KEY_PATH
2026-03-19 16:49:04,759 - feature_store - ERROR - Missing environment variable: SNOWFLAKE_PRIVATE_KEY_PATH
2026-03-19 16:49:04,764 - evaluator - ERROR - Missing environment variable: SNOWFLAKE_PRIVATE_KEY_PATH
2026-03-19 16:49:04,765 - feature_store - ERROR - Missing environment variable: SNOWFLAKE_PRIVATE_KEY_PATH
2026-03-19 16:49:04,767 - evaluator - ERROR - Missing environment variable: SNOWFLAKE_PRIVATE_KEY_PATH
2026-03-19 16:49:04,773 - scheduler - ERROR - Missing environment variable: SNOWFLAKE_PRIVATE_KEY_PATH
2026-03-19 16:49:44,314 - feature_store - ERROR - Missing environment variable: SNOWFLAKE_PRIVATE_KEY_PATH
2026-03-19 16:49:44,317 - evaluator - ERROR - Missing environment variable: SNOWFLAKE_PRIVATE_KEY_PATH
2026-03-19 16:49:44,318 - feature_store - ERROR - Missing environment variable: SNOWFLAKE_PRIVATE_KEY_PATH
2026-03-19 16:49:44,319 - evaluator - ERROR - Missing environment variable: SNOWFLAKE_PRIVATE_KEY_PATH
2026-03-19 16:49:44,333 - scheduler - ERROR - Missing environment variable: SNOWFLAKE_PRIVATE_KEY_PATH
2026-03-19 16:49:52,215 - feature_store - ERROR - Missing environment variable: SNOWFLAKE_PRIVATE_KEY_PATH
2026-03-19 16:49:52,218 - evaluator - ERROR - Missing environment variable: SNOWFLAKE_PRIVATE_KEY_PATH
2026-03-19 16:49:52,219 - feature_store - ERROR - Missing environment variable: SNOWFLAKE_PRIVATE_KEY_PATH
2026-03-19 16:49:52,220 - evaluator - ERROR - Missing environment variable: SNOWFLAKE_PRIVATE_KEY_PATH
2026-03-19 16:49:52,223 - scheduler - ERROR - Missing environment variable: SNOWFLAKE_PRIVATE_KEY_PATH
2026-03-19 16:49:53,892 - feature_store - ERROR - Missing environment variable: SNOWFLAKE_PRIVATE_KEY_PATH
2026-03-19 16:49:53,894 - evaluator - ERROR - Missing environment variable: SNOWFLAKE_PRIVATE_KEY_PATH
2026-03-19 16:49:53,895 - feature_store - ERROR - Missing environment variable: SNOWFLAKE_PRIVATE_KEY_PATH
2026-03-19 16:49:53,896 - evaluator - ERROR - Missing environment variable: SNOWFLAKE_PRIVATE_KEY_PATH
2026-03-19 16:49:53,898 - scheduler - ERROR - Missing environment variable: SNOWFLAKE_PRIVATE_KEY_PATH
2026-03-19 16:56:30,211 - feature_store - ERROR - Missing environment variable: SNOWFLAKE_PRIVATE_KEY_PATH
2026-03-19 16:56:30,211 - app - WARNING - DB initialization warning: Missing environment variable: SNOWFLAKE_PRIVATE_KEY_PATH
2026-03-19 16:56:30,261 - feature_store - ERROR - Missing environment variable: SNOWFLAKE_PRIVATE_KEY_PATH
2026-03-19 16:56:30,263 - evaluator - ERROR - Missing environment variable: SNOWFLAKE_PRIVATE_KEY_PATH
2026-03-19 16:56:30,264 - feature_store - ERROR - Missing environment variable: SNOWFLAKE_PRIVATE_KEY_PATH
2026-03-19 16:56:30,266 - evaluator - ERROR - Missing environment variable: SNOWFLAKE_PRIVATE_KEY_PATH
2026-03-19 16:56:30,271 - scheduler - ERROR - Missing environment variable: SNOWFLAKE_PRIVATE_KEY_PATH
2026-03-19 16:56:43,630 - feature_store - ERROR - Missing environment variable: SNOWFLAKE_PRIVATE_KEY_PATH
2026-03-19 16:56:43,633 - evaluator - ERROR - Missing environment variable: SNOWFLAKE_PRIVATE_KEY_PATH
2026-03-19 16:56:43,634 - feature_store - ERROR - Missing environment variable: SNOWFLAKE_PRIVATE_KEY_PATH
2026-03-19 16:56:43,635 - evaluator - ERROR - Missing environment variable: SNOWFLAKE_PRIVATE_KEY_PATH
2026-03-19 16:56:43,638 - scheduler - ERROR - Missing environment variable: SNOWFLAKE_PRIVATE_KEY_PATH
2026-03-19 16:56:46,604 - feature_store - ERROR - Missing environment variable: SNOWFLAKE_PRIVATE_KEY_PATH
2026-03-19 16:56:46,605 - evaluator - ERROR - Missing environment variable: SNOWFLAKE_PRIVATE_KEY_PATH
2026-03-19 16:56:46,608 - feature_store - ERROR - Missing environment variable: SNOWFLAKE_PRIVATE_KEY_PATH
2026-03-19 16:56:46,609 - evaluator - ERROR - Missing environment variable: SNOWFLAKE_PRIVATE_KEY_PATH
2026-03-19 16:56:46,612 - scheduler - ERROR - Missing environment variable: SNOWFLAKE_PRIVATE_KEY_PATH
2026-03-19 16:56:47,643 - feature_store - ERROR - Missing environment variable: SNOWFLAKE_PRIVATE_KEY_PATH
2026-03-19 16:56:47,644 - evaluator - ERROR - Missing environment variable: SNOWFLAKE_PRIVATE_KEY_PATH
2026-03-19 16:56:47,645 - feature_store - ERROR - Missing environment variable: SNOWFLAKE_PRIVATE_KEY_PATH
2026-03-19 16:56:47,646 - evaluator - ERROR - Missing environment variable: SNOWFLAKE_PRIVATE_KEY_PATH
2026-03-19 16:56:47,649 - scheduler - ERROR - Missing environment variable: SNOWFLAKE_PRIVATE_KEY_PATH
2026-03-19 16:56:51,143 - feature_store - ERROR - Missing environment variable: SNOWFLAKE_PRIVATE_KEY_PATH
2026-03-19 16:56:51,146 - evaluator - ERROR - Missing environment variable: SNOWFLAKE_PRIVATE_KEY_PATH
2026-03-19 16:56:51,146 - feature_store - ERROR - Missing environment variable: SNOWFLAKE_PRIVATE_KEY_PATH
2026-03-19 16:56:51,147 - evaluator - ERROR - Missing environment variable: SNOWFLAKE_PRIVATE_KEY_PATH
2026-03-19 16:56:51,150 - scheduler - ERROR - Missing environment variable: SNOWFLAKE_PRIVATE_KEY_PATH
2026-03-19 16:56:54,592 - feature_store - ERROR - Missing environment variable: SNOWFLAKE_PRIVATE_KEY_PATH
2026-03-19 16:56:54,595 - evaluator - ERROR - Missing environment variable: SNOWFLAKE_PRIVATE_KEY_PATH
2026-03-19 16:56:54,596 - feature_store - ERROR - Missing environment variable: SNOWFLAKE_PRIVATE_KEY_PATH
2026-03-19 16:56:54,596 - evaluator - ERROR - Missing environment variable: SNOWFLAKE_PRIVATE_KEY_PATH
2026-03-19 16:56:54,599 - scheduler - ERROR - Missing environment variable: SNOWFLAKE_PRIVATE_KEY_PATH
2026-03-19 16:56:56,298 - feature_store - ERROR - Missing environment variable: SNOWFLAKE_PRIVATE_KEY_PATH
2026-03-19 16:56:56,299 - evaluator - ERROR - Missing environment variable: SNOWFLAKE_PRIVATE_KEY_PATH
2026-03-19 16:56:56,300 - feature_store - ERROR - Missing environment variable: SNOWFLAKE_PRIVATE_KEY_PATH
2026-03-19 16:56:56,301 - evaluator - ERROR - Missing environment variable: SNOWFLAKE_PRIVATE_KEY_PATH
2026-03-19 16:56:56,303 - scheduler - ERROR - Missing environment variable: SNOWFLAKE_PRIVATE_KEY_PATH
2026-03-19 16:56:56,712 - feature_store - ERROR - Missing environment variable: SNOWFLAKE_PRIVATE_KEY_PATH
2026-03-19 16:56:56,715 - evaluator - ERROR - Missing environment variable: SNOWFLAKE_PRIVATE_KEY_PATH
2026-03-19 16:56:56,717 - feature_store - ERROR - Missing environment variable: SNOWFLAKE_PRIVATE_KEY_PATH
2026-03-19 16:56:56,717 - evaluator - ERROR - Missing environment variable: SNOWFLAKE_PRIVATE_KEY_PATH
2026-03-19 16:56:56,722 - scheduler - ERROR - Missing environment variable: SNOWFLAKE_PRIVATE_KEY_PATH
2026-03-19 16:56:58,010 - feature_store - ERROR - Missing environment variable: SNOWFLAKE_PRIVATE_KEY_PATH
2026-03-19 16:56:58,012 - evaluator - ERROR - Missing environment variable: SNOWFLAKE_PRIVATE_KEY_PATH
2026-03-19 16:56:58,013 - feature_store - ERROR - Missing environment variable: SNOWFLAKE_PRIVATE_KEY_PATH
2026-03-19 16:56:58,014 - evaluator - ERROR - Missing environment variable: SNOWFLAKE_PRIVATE_KEY_PATH
2026-03-19 16:56:58,016 - scheduler - ERROR - Missing environment variable: SNOWFLAKE_PRIVATE_KEY_PATH
2026-03-19 17:05:38,541 - feature_store - ERROR - Missing environment variable: SNOWFLAKE_PRIVATE_KEY_PATH
2026-03-19 17:05:38,544 - evaluator - ERROR - Missing environment variable: SNOWFLAKE_PRIVATE_KEY_PATH
2026-03-19 17:05:38,550 - feature_store - ERROR - Missing environment variable: SNOWFLAKE_PRIVATE_KEY_PATH
2026-03-19 17:05:38,555 - evaluator - ERROR - Missing environment variable: SNOWFLAKE_PRIVATE_KEY_PATH
2026-03-19 17:05:38,562 - scheduler - ERROR - Missing environment variable: SNOWFLAKE_PRIVATE_KEY_PATH
2026-03-19 17:12:58,131 - feature_store - ERROR - Missing environment variable: SNOWFLAKE_PRIVATE_KEY_PATH
2026-03-19 17:12:58,131 - app - WARNING - DB initialization warning: Missing environment variable: SNOWFLAKE_PRIVATE_KEY_PATH
2026-03-19 17:15:02,787 - feature_store - ERROR - Missing environment variable: SNOWFLAKE_PRIVATE_KEY_PATH
2026-03-19 17:15:02,788 - app - WARNING - DB initialization warning: Missing environment variable: SNOWFLAKE_PRIVATE_KEY_PATH
2026-03-19 17:15:02,836 - feature_store - ERROR - Missing environment variable: SNOWFLAKE_PRIVATE_KEY_PATH
2026-03-19 17:15:02,840 - evaluator - ERROR - Missing environment variable: SNOWFLAKE_PRIVATE_KEY_PATH
2026-03-19 17:15:02,842 - feature_store - ERROR - Missing environment variable: SNOWFLAKE_PRIVATE_KEY_PATH
2026-03-19 17:15:02,843 - evaluator - ERROR - Missing environment variable: SNOWFLAKE_PRIVATE_KEY_PATH
2026-03-19 17:15:02,849 - scheduler - ERROR - Missing environment variable: SNOWFLAKE_PRIVATE_KEY_PATH
2026-03-19 17:54:46,058 - feature_store - ERROR - Missing environment variable: SNOWFLAKE_PRIVATE_KEY_PATH
2026-03-19 17:54:46,500 - evaluator - ERROR - Missing environment variable: SNOWFLAKE_PRIVATE_KEY_PATH
2026-03-19 17:54:46,553 - feature_store - ERROR - Missing environment variable: SNOWFLAKE_PRIVATE_KEY_PATH
2026-03-19 17:54:46,719 - evaluator - ERROR - Missing environment variable: SNOWFLAKE_PRIVATE_KEY_PATH
2026-03-19 17:54:46,901 - scheduler - ERROR - Missing environment variable: SNOWFLAKE_PRIVATE_KEY_PATH
2026-03-19 17:54:52,394 - feature_store - ERROR - Missing environment variable: SNOWFLAKE_PRIVATE_KEY_PATH
2026-03-19 17:54:52,397 - evaluator - ERROR - Missing environment variable: SNOWFLAKE_PRIVATE_KEY_PATH
2026-03-19 17:54:52,398 - feature_store - ERROR - Missing environment variable: SNOWFLAKE_PRIVATE_KEY_PATH
2026-03-19 17:54:52,398 - evaluator - ERROR - Missing environment variable: SNOWFLAKE_PRIVATE_KEY_PATH
2026-03-19 17:54:52,408 - scheduler - ERROR - Missing environment variable: SNOWFLAKE_PRIVATE_KEY_PATH
2026-03-19 17:55:48,020 - feature_store - ERROR - Missing environment variable: SNOWFLAKE_PRIVATE_KEY_PATH
2026-03-19 17:55:48,022 - evaluator - ERROR - Missing environment variable: SNOWFLAKE_PRIVATE_KEY_PATH
2026-03-19 17:55:48,023 - feature_store - ERROR - Missing environment variable: SNOWFLAKE_PRIVATE_KEY_PATH
2026-03-19 17:55:48,024 - evaluator - ERROR - Missing environment variable: SNOWFLAKE_PRIVATE_KEY_PATH
2026-03-19 17:55:48,052 - scheduler - ERROR - Missing environment variable: SNOWFLAKE_PRIVATE_KEY_PATH
2026-03-19 17:55:48,836 - feature_store - ERROR - Missing environment variable: SNOWFLAKE_PRIVATE_KEY_PATH
2026-03-19 17:55:48,838 - evaluator - ERROR - Missing environment variable: SNOWFLAKE_PRIVATE_KEY_PATH
2026-03-19 17:55:48,838 - feature_store - ERROR - Missing environment variable: SNOWFLAKE_PRIVATE_KEY_PATH
2026-03-19 17:55:48,839 - evaluator - ERROR - Missing environment variable: SNOWFLAKE_PRIVATE_KEY_PATH
2026-03-19 17:55:48,842 - scheduler - ERROR - Missing environment variable: SNOWFLAKE_PRIVATE_KEY_PATH
2026-03-19 17:55:50,275 - feature_store - ERROR - Missing environment variable: SNOWFLAKE_PRIVATE_KEY_PATH
2026-03-19 17:55:50,278 - evaluator - ERROR - Missing environment variable: SNOWFLAKE_PRIVATE_KEY_PATH
2026-03-19 17:55:50,279 - feature_store - ERROR - Missing environment variable: SNOWFLAKE_PRIVATE_KEY_PATH
2026-03-19 17:55:50,280 - evaluator - ERROR - Missing environment variable: SNOWFLAKE_PRIVATE_KEY_PATH
2026-03-19 17:55:50,284 - scheduler - ERROR - Missing environment variable: SNOWFLAKE_PRIVATE_KEY_PATH
2026-03-19 17:56:50,371 - feature_store - ERROR - Missing environment variable: SNOWFLAKE_PRIVATE_KEY_PATH
2026-03-19 17:56:50,374 - evaluator - ERROR - Missing environment variable: SNOWFLAKE_PRIVATE_KEY_PATH
2026-03-19 17:56:50,376 - feature_store - ERROR - Missing environment variable: SNOWFLAKE_PRIVATE_KEY_PATH
2026-03-19 17:56:50,377 - evaluator - ERROR - Missing environment variable: SNOWFLAKE_PRIVATE_KEY_PATH
2026-03-19 17:56:50,384 - scheduler - ERROR - Missing environment variable: SNOWFLAKE_PRIVATE_KEY_PATH
2026-03-19 17:57:59,078 - feature_store - ERROR - Missing environment variable: SNOWFLAKE_PRIVATE_KEY_PATH
2026-03-19 17:57:59,083 - evaluator - ERROR - Missing environment variable: SNOWFLAKE_PRIVATE_KEY_PATH
2026-03-19 17:57:59,084 - feature_store - ERROR - Missing environment variable: SNOWFLAKE_PRIVATE_KEY_PATH
2026-03-19 17:57:59,085 - evaluator - ERROR - Missing environment variable: SNOWFLAKE_PRIVATE_KEY_PATH
2026-03-19 17:57:59,090 - scheduler - ERROR - Missing environment variable: SNOWFLAKE_PRIVATE_KEY_PATH
2026-03-20 16:14:02,011 - feature_store - ERROR - Missing environment variable: SNOWFLAKE_PRIVATE_KEY_PATH
2026-03-20 16:14:02,011 - app - WARNING - DB initialization warning: Missing environment variable: SNOWFLAKE_PRIVATE_KEY_PATH
2026-03-20 16:14:02,047 - feature_store - ERROR - Missing environment variable: SNOWFLAKE_PRIVATE_KEY_PATH
2026-03-20 16:14:02,049 - evaluator - ERROR - Missing environment variable: SNOWFLAKE_PRIVATE_KEY_PATH
2026-03-20 16:14:02,049 - feature_store - ERROR - Missing environment variable: SNOWFLAKE_PRIVATE_KEY_PATH
2026-03-20 16:14:02,050 - evaluator - ERROR - Missing environment variable: SNOWFLAKE_PRIVATE_KEY_PATH
2026-03-20 16:14:02,053 - scheduler - ERROR - Missing environment variable: SNOWFLAKE_PRIVATE_KEY_PATH
2026-03-20 16:15:08,779 - weekly_schedule - INFO - [schedule] personal_event_add | Meeting tomorrow 3P《 | 1ms | error
2026-03-20 16:15:08,863 - feature_store - ERROR - Missing environment variable: SNOWFLAKE_PRIVATE_KEY_PATH
2026-03-20 16:15:08,865 - evaluator - ERROR - Missing environment variable: SNOWFLAKE_PRIVATE_KEY_PATH
2026-03-20 16:15:08,866 - feature_store - ERROR - Missing environment variable: SNOWFLAKE_PRIVATE_KEY_PATH
2026-03-20 16:15:08,867 - evaluator - ERROR - Missing environment variable: SNOWFLAKE_PRIVATE_KEY_PATH
2026-03-20 16:15:08,870 - scheduler - ERROR - Missing environment variable: SNOWFLAKE_PRIVATE_KEY_PATH
2026-03-20 16:15:17,253 - feature_store - ERROR - Missing environment variable: SNOWFLAKE_PRIVATE_KEY_PATH
2026-03-20 16:15:17,256 - evaluator - ERROR - Missing environment variable: SNOWFLAKE_PRIVATE_KEY_PATH
2026-03-20 16:15:17,257 - feature_store - ERROR - Missing environment variable: SNOWFLAKE_PRIVATE_KEY_PATH
2026-03-20 16:15:17,258 - evaluator - ERROR - Missing environment variable: SNOWFLAKE_PRIVATE_KEY_PATH
2026-03-20 16:15:17,271 - scheduler - ERROR - Missing environment variable: SNOWFLAKE_PRIVATE_KEY_PATH
2026-03-20 16:15:24,642 - feature_store - ERROR - Missing environment variable: SNOWFLAKE_PRIVATE_KEY_PATH
2026-03-20 16:15:24,644 - evaluator - ERROR - Missing environment variable: SNOWFLAKE_PRIVATE_KEY_PATH
2026-03-20 16:15:24,645 - feature_store - ERROR - Missing environment variable: SNOWFLAKE_PRIVATE_KEY_PATH
2026-03-20 16:15:24,647 - evaluator - ERROR - Missing environment variable: SNOWFLAKE_PRIVATE_KEY_PATH
2026-03-20 16:15:24,650 - scheduler - ERROR - Missing environment variable: SNOWFLAKE_PRIVATE_KEY_PATH
2026-03-20 16:15:27,897 - feature_store - ERROR - Missing environment variable: SNOWFLAKE_PRIVATE_KEY_PATH
2026-03-20 16:15:27,899 - evaluator - ERROR - Missing environment variable: SNOWFLAKE_PRIVATE_KEY_PATH
2026-03-20 16:15:27,901 - feature_store - ERROR - Missing environment variable: SNOWFLAKE_PRIVATE_KEY_PATH
2026-03-20 16:15:27,902 - evaluator - ERROR - Missing environment variable: SNOWFLAKE_PRIVATE_KEY_PATH
2026-03-20 16:15:27,912 - scheduler - ERROR - Missing environment variable: SNOWFLAKE_PRIVATE_KEY_PATH
